This is pdfTeX, Version 3.14159265-2.6-1.40.18 (TeX Live 2017/Debian) (preloaded format=latex 2018.10.18)  15 JAN 2019 21:06
entering extended mode
 restricted \write18 enabled.
 %&-line parsing enabled.
**\makeatletter\def\HCode{\futurelet\HCode\HChar}\def\HChar{\ifx"\HCode\def\HCo
de"##1"{\Link##1}\expandafter\HCode\else\expandafter\Link\fi}\def\Link#1.a.b.c.
{\g@addto@macro\@documentclasshook{\RequirePackage[#1,html]{tex4ht}}\let\HCode\
documentstyle\def\documentstyle{\let\documentstyle\HCode\expandafter\def\csname
 tex4ht\endcsname{#1,html}\def\HCode####1{\documentstyle[tex4ht,}\@ifnextchar[{
\HCode}{\documentstyle[tex4ht]}}}\makeatother\HCode .a.b.c.\input  interlocking
.tex
(./interlocking.tex
(/usr/share/texlive/texmf-dist/tex/latex/paper/paper.cls
Document Class: paper 2008/05/30 1.0l LaTeX document class (wm).
\hours=\count79
\minutes=\count80
(/usr/share/texlive/texmf-dist/tex/latex/base/size10.clo
File: size10.clo 2014/09/29 v1.4h Standard LaTeX file (size option)
)
\beforetitlespace=\skip41
\c@part=\count81
\c@section=\count82
\c@subsection=\count83
\c@subsubsection=\count84
\c@paragraph=\count85
\c@subparagraph=\count86
\exampleindent=\skip42
\c@figure=\count87
\c@table=\count88
\abovecaptionskip=\skip43
\belowcaptionskip=\skip44
\bibindent=\dimen102
) (/usr/share/texlive/texmf-dist/tex/generic/tex4ht/tex4ht.sty
version 2018-02-11-15:01
Package: tex4ht 
--------------------------------------
--- Note --- for _ at preamble, use the command line option `early_'
--------------------------------------
--------------------------------------
--- Note --- for ^ at preamble, use the command line option `early^'
--------------------------------------
\tmp:toks=\toks14
) (/usr/share/texlive/texmf-dist/tex/generic/tex4ht/usepackage.4ht) (/usr/share
/texlive/texmf-dist/tex/latex/base/fontenc.sty
Package: fontenc 2017/04/05 v2.0i Standard LaTeX package
(/usr/share/texlive/texmf-dist/tex/latex/base/t1enc.def
File: t1enc.def 2017/04/05 v2.0i Standard LaTeX file
LaTeX Font Info:    Redeclaring font encoding T1 on input line 48.
)) (/usr/share/texlive/texmf-dist/tex/latex/base/inputenc.sty
Package: inputenc 2015/03/17 v1.2c Input encoding file
\inpenc@prehook=\toks15
\inpenc@posthook=\toks16
(/usr/share/texlive/texmf-dist/tex/latex/base/latin9.def
File: latin9.def 2015/03/17 v1.2c Input encoding file
)) (/usr/share/texlive/texmf-dist/tex/latex/geometry/geometry.sty
Package: geometry 2010/09/12 v5.6 Page Geometry
(/usr/share/texlive/texmf-dist/tex/latex/graphics/keyval.sty
Package: keyval 2014/10/28 v1.15 key=value parser (DPC)
\KV@toks@=\toks17
) (/usr/share/texlive/texmf-dist/tex/generic/oberdiek/ifpdf.sty
Package: ifpdf 2017/03/15 v3.2 Provides the ifpdf switch
) (/usr/share/texlive/texmf-dist/tex/generic/oberdiek/ifvtex.sty
Package: ifvtex 2016/05/16 v1.6 Detect VTeX and its facilities (HO)
Package ifvtex Info: VTeX not detected.
) (/usr/share/texlive/texmf-dist/tex/generic/ifxetex/ifxetex.sty
Package: ifxetex 2010/09/12 v0.6 Provides ifxetex conditional
)
\Gm@cnth=\count89
\Gm@cntv=\count90
\c@Gm@tempcnt=\count91
\Gm@bindingoffset=\dimen103
\Gm@wd@mp=\dimen104
\Gm@odd@mp=\dimen105
\Gm@even@mp=\dimen106
\Gm@layoutwidth=\dimen107
\Gm@layoutheight=\dimen108
\Gm@layouthoffset=\dimen109
\Gm@layoutvoffset=\dimen110
\Gm@dimlist=\toks18
) (/usr/share/texlive/texmf-dist/tex/latex/graphics/graphicx.sty
Package: graphicx 2017/06/01 v1.1a Enhanced LaTeX Graphics (DPC,SPQR)
(/usr/share/texlive/texmf-dist/tex/latex/graphics/graphics.sty
Package: graphics 2017/06/25 v1.2c Standard LaTeX Graphics (DPC,SPQR)
(/usr/share/texlive/texmf-dist/tex/latex/graphics/trig.sty
Package: trig 2016/01/03 v1.10 sin cos tan (DPC)
) (/usr/share/texlive/texmf-dist/tex/latex/graphics-cfg/graphics.cfg
File: graphics.cfg 2016/06/04 v1.11 sample graphics configuration
)
Package graphics Info: Driver file: dvips.def on input line 99.
(/usr/share/texlive/texmf-dist/tex/latex/graphics-def/dvips.def
File: dvips.def 2017/06/20 v3.1d Graphics/color driver for dvips
))
\Gin@req@height=\dimen111
\Gin@req@width=\dimen112
) (/usr/share/texlive/texmf-dist/tex/generic/babel/babel.sty
Package: babel 2018/02/14 3.18 The Babel package
(/usr/share/texlive/texmf-dist/tex/generic/babel/switch.def
File: switch.def 2018/02/14 3.18 Babel switching mechanism
) (/usr/share/texlive/texmf-dist/tex/generic/babel-english/english.ldf
Language: english 2017/06/06 v3.3r English support from the babel system
(/usr/share/texlive/texmf-dist/tex/generic/babel/babel.def
File: babel.def 2018/02/14 3.18 Babel common definitions
\babel@savecnt=\count92
\U@D=\dimen113
(/usr/share/texlive/texmf-dist/tex/generic/babel/txtbabel.def)
\bbl@dirlevel=\count93
)
\l@british = a dialect from \language\l@english 
\l@UKenglish = a dialect from \language\l@english 
\l@canadian = a dialect from \language\l@american 
\l@australian = a dialect from \language\l@british 
\l@newzealand = a dialect from \language\l@british 
)) (/usr/share/texlive/texmf-dist/tex/generic/tex4ht/tex4ht.4ht
version 2017-05-09-09:21
--------------------------------------
--- Note --- for additional information, use the command line option `info'
--------------------------------------
::::::::::::::::::::::::::::::::::::::::::
 TeX4ht info is available in the log file 
::::::::::::::::::::::::::::::::::::::::::
) (/usr/share/texlive/texmf-dist/tex/generic/tex4ht/tex4ht.sty
version 2018-02-11-15:01
--- needs --- tex4ht interlocking ---
\tmp:cnt=\count94
\openout15 = `interlocking.tmp'.

(./interlocking.tmp)
\tmp:dim=\skip45
--------------------------------------
--- Note --- for XML code, use the command line option `xml' or `xhtml'
--------------------------------------
(./interlocking.xref)
\:refout=\write3
\openout3 = `interlocking.xref'.

(/usr/share/texlive/texmf-dist/tex/generic/tex4ht/html4.4ht
version 2018-02-21-09:31
--------------------------------------
--- Note --- to remove the <?xml version=...?> processing instruction use the c
ommand line option `no-VERSION'
--------------------------------------
--------------------------------------
--- Note --- to remove the DOCTYPE declaration use the command line option `no-
DOCTYPE'
--------------------------------------
) (/usr/share/texlive/texmf-dist/tex/generic/tex4ht/html4-math.4ht
version 2017-03-30-16:04
)
--------------------------------------
--- Note --- for marking of the base font, use the command line option `fonts+'

--------------------------------------
--------------------------------------
--- Note --- for non active _, use the command line option `no_'
--------------------------------------
--------------------------------------
--- Note --- for _ of catcode 13, use the command line option `_13'
--------------------------------------
--------------------------------------
--- Note --- for non active ^, use the command line option `no^'
--------------------------------------
--------------------------------------
--- Note --- for ^ of catcode 13, use the command line option `^13'
--------------------------------------
(/usr/share/texlive/texmf-dist/tex/generic/tex4ht/html4.4ht
version 2018-02-21-09:31
--------------------------------------
--- Note --- for alternative charset, use the command line option `charset=...'

--------------------------------------
--------------------------------------
--- Note --- to ignore CSS font decoration, use the `NoFonts' command line opti
on
--------------------------------------
--------------------------------------
--- Note --- for jpg bitmaps of pictures, use the `jpg' command line option. (C
haracter bitmaps are controled only by `g' records of tex4ht.env and `-g' switc
hes of tex4ht.c) 
--------------------------------------
--------------------------------------
--- Note --- for gif bitmaps of pictures, use the `gif' command line option. (C
haracter bitmaps are controled only by `g' records of tex4ht.env and `-g' switc
hes of tex4ht.c) 
--------------------------------------
--------------------------------------
--- Note --- for content and toc in 2 frames, use the command line option `fram
es'
--------------------------------------
--------------------------------------
--- Note --- for content, toc, and footnotes in 3 frames, use the command line 
option `frames-fn'
--------------------------------------
--------------------------------------
--- Note --- for file extension name xht, use the command line option `xht'
--------------------------------------
TeX4ht package options: html
--------------------------------------
--- Note --- To print a timestamp, use the command line option timestamp
--------------------------------------
--------------------------------------
--- Note --- to ignore CSS code, use the command line option `-css
--------------------------------------
--------------------------------------
--- Note --- for inline CSS code, use the command line option `css-in'
--------------------------------------
--------------------------------------
--- Note --- for pop ups on mouse over, use the command line option `mouseover'

--------------------------------------
--------------------------------------
--- Note --- for addressing images in a subdirectory, use the command line opti
on `imgdir:.../'
--------------------------------------
) (/usr/share/texlive/texmf-dist/tex/generic/tex4ht/html4-math.4ht
version 2017-03-30-16:04
)
\:tokwrite=\toks19
\:tokpage=\toks20
--------------------------------------
--- Note --- for back links to toc, use the command line option `sections+'
--------------------------------------
--------------------------------------
--- Note --- for linear crosslinks of pages, use the command line option `next'

--------------------------------------
\openout15 = `interlocking.4ct'.

\:tocout=\write4
\openout4 = `interlocking.4tc'.

(/usr/share/texlive/texmf-dist/tex/generic/tex4ht/html4.4ht
version 2018-02-21-09:31
) (/usr/share/texlive/texmf-dist/tex/generic/tex4ht/html4-math.4ht
version 2017-03-30-16:04
) (/usr/share/texlive/texmf-dist/tex/generic/tex4ht/latex.4ht
version 2018-01-12-14:38
LaTeX Info: Redefining \_ on input line 168.
--------------------------------------
--- Note --- for links into captions, instead of float heads, use the command l
ine option `refcaption'
--------------------------------------
(/usr/share/texlive/texmf-dist/tex/generic/tex4ht/html4.4ht
version 2018-02-21-09:31
) (/usr/share/texlive/texmf-dist/tex/generic/tex4ht/html4-math.4ht
version 2017-03-30-16:04
) (/usr/share/texlive/texmf-dist/tex/generic/tex4ht/html4.4ht
version 2018-02-21-09:31
--------------------------------------
--- Note --- For mini tocs immediately aftter the header use the command line o
ption `minitoc<'
--------------------------------------
--------------------------------------
--- Note --- for enumerated list elements with valued data, use the command lin
e option `enumerate+'
--------------------------------------
--------------------------------------
--- Note --- for enumerated list elements li's with value attributes, use the c
ommand line option `enumerate-'
--------------------------------------
--------------------------------------
--- Note --- for CSS2 code, use the command line option `css2'
--------------------------------------
--------------------------------------
--- Note --- for pictorial tabular, use the command line option `pic-tabular'
--------------------------------------
--------------------------------------
--- Note --- for bitmap fbox'es, use the command line option `pic-fbox'
--------------------------------------
--------------------------------------
--- Note --- for bitmap framebox'es, use the command line option `pic-framebox'

--------------------------------------
--------------------------------------
--- Note --- for inline footnotes use command line option `fn-in'
--------------------------------------
--------------------------------------
--- Note --- for tracing of latex font commands, use the command line option `f
onts'
--------------------------------------
--------------------------------------
--- Note --- for width specifications of tabular p entries, use the `p-width' c
ommand line option or a configuration similar to \Configure{HColWidth}{\HCode{ 
style="width:\HColWidth"}}
--------------------------------------
) (/usr/share/texlive/texmf-dist/tex/generic/tex4ht/html4-math.4ht
version 2017-03-30-16:04
--------------------------------------
--- Note --- for pictorial eqnarray, use the command line option `pic-eqnarray'

--------------------------------------
--------------------------------------
--- Note --- for pictorial array, use the command line option `pic-array'
--------------------------------------
--------------------------------------
--- Note --- for pictorial $...$ environments, use the command line option `pic
-m' (not recommended!!)
--------------------------------------
--------------------------------------
--- Note --- for pictorial $...$ and $$...$$ environments with latex alt, use t
he command line option `pic-m+' (not safe!!)
--------------------------------------
--------------------------------------
--- Note --- for pictorial array, use the command line option `pic-array'
--------------------------------------
)) (/usr/share/texlive/texmf-dist/tex/generic/tex4ht/fontmath.4ht
version 2009-05-21-09:32
(/usr/share/texlive/texmf-dist/tex/generic/tex4ht/html4.4ht
version 2018-02-21-09:31
) (/usr/share/texlive/texmf-dist/tex/generic/tex4ht/html4-math.4ht
version 2017-03-30-16:04
)) (/usr/share/texlive/texmf-dist/tex/generic/tex4ht/inputenc.4ht
version 2009-05-21-09:32
(/usr/share/texlive/texmf-dist/tex/generic/tex4ht/html4.4ht
version 2018-02-21-09:31
) (/usr/share/texlive/texmf-dist/tex/generic/tex4ht/html4-math.4ht
version 2017-03-30-16:04
)) (/usr/share/texlive/texmf-dist/tex/generic/tex4ht/geometry.4ht
version 2016-07-01-08:55
(/usr/share/texlive/texmf-dist/tex/generic/tex4ht/html4.4ht
version 2018-02-21-09:31
) (/usr/share/texlive/texmf-dist/tex/generic/tex4ht/html4-math.4ht
version 2017-03-30-16:04
)) (/usr/share/texlive/texmf-dist/tex/generic/tex4ht/graphicx.4ht
version 2017-10-21-16:16
(/usr/share/texlive/texmf-dist/tex/generic/tex4ht/html4.4ht
version 2018-02-21-09:31
) (/usr/share/texlive/texmf-dist/tex/generic/tex4ht/html4-math.4ht
version 2017-03-30-16:04
)) (/usr/share/texlive/texmf-dist/tex/generic/tex4ht/graphics.4ht (/usr/share/t
exlive/texmf-dist/tex/generic/tex4ht/html4.4ht
version 2018-02-21-09:31
--------------------------------------
--- Note --- if included graphics are of degraded quality, try the command line
 options `graphics-num' or `graphics-'. The `num' should provide the density of
 pixels in the bitmaps (e.g., 110). 
--------------------------------------
--------------------------------------
--- Note --- for key dimensions try the option `Gin-dim'; for key dimensions wh
en bounding box is unavailable try `Gin-dim+'; neither is recommended
--------------------------------------
) (/usr/share/texlive/texmf-dist/tex/generic/tex4ht/html4-math.4ht
version 2017-03-30-16:04
)) (/usr/share/texlive/texmf-dist/tex/generic/tex4ht/dvips.4ht
version 2009-05-21-09:32
(/usr/share/texlive/texmf-dist/tex/generic/tex4ht/html4.4ht
version 2018-02-21-09:31
) (/usr/share/texlive/texmf-dist/tex/generic/tex4ht/html4-math.4ht
version 2017-03-30-16:04
)) (/usr/share/texlive/texmf-dist/tex/generic/tex4ht/babel.4ht
version 2009-05-21-09:32
(/usr/share/texlive/texmf-dist/tex/generic/tex4ht/html4.4ht
version 2018-02-21-09:31
) (/usr/share/texlive/texmf-dist/tex/generic/tex4ht/html4-math.4ht
version 2017-03-30-16:04
)) (/usr/share/texlive/texmf-dist/tex/generic/tex4ht/english.4ht
version 2009-05-21-09:32
(/usr/share/texlive/texmf-dist/tex/generic/tex4ht/html4.4ht
version 2018-02-21-09:31
) (/usr/share/texlive/texmf-dist/tex/generic/tex4ht/html4-math.4ht
version 2017-03-30-16:04
)) (/usr/share/texlive/texmf-dist/tex/generic/tex4ht/html4.4ht
version 2018-02-21-09:31
) (/usr/share/texlive/texmf-dist/tex/generic/tex4ht/html4-math.4ht
version 2017-03-30-16:04
)) (./interlocking.aux)
\openout1 = `interlocking.aux'.

LaTeX Font Info:    Checking defaults for OML/cmm/m/it on input line 13.
LaTeX Font Info:    ... okay on input line 13.
LaTeX Font Info:    Checking defaults for T1/cmr/m/n on input line 13.
LaTeX Font Info:    ... okay on input line 13.
LaTeX Font Info:    Checking defaults for OT1/cmr/m/n on input line 13.
LaTeX Font Info:    ... okay on input line 13.
LaTeX Font Info:    Checking defaults for OMS/cmsy/m/n on input line 13.
LaTeX Font Info:    ... okay on input line 13.
LaTeX Font Info:    Checking defaults for OMX/cmex/m/n on input line 13.
LaTeX Font Info:    ... okay on input line 13.
LaTeX Font Info:    Checking defaults for U/cmr/m/n on input line 13.
LaTeX Font Info:    ... okay on input line 13.
*geometry* driver: auto-detecting
*geometry* detected driver: dvips

Package geometry Warning: The marginal notes overrun the paper.
     Add 47.54726pt and more to the right margin.

*geometry* verbose mode - [ preamble ] result:
* driver: dvips
* paper: <default>
* layout: <same size as paper>
* layoutoffset:(h,v)=(0.0pt,0.0pt)
* modes: 
* h-part:(L,W,R)=(28.45274pt, 557.38951pt, 28.45274pt)
* v-part:(T,H,B)=(28.45274pt, 738.0645pt, 28.45274pt)
* \paperwidth=614.295pt
* \paperheight=794.96999pt
* \textwidth=557.38951pt
* \textheight=738.0645pt
* \oddsidemargin=0.0pt
* \evensidemargin=0.0pt
* \topmargin=-80.81725pt
* \headheight=12.0pt
* \headsep=25.0pt
* \topskip=10.0pt
* \footskip=30.0pt
* \marginparwidth=65.0pt
* \marginparsep=11.0pt
* \columnsep=10.0pt
* \skip\footins=9.0pt plus 4.0pt minus 2.0pt
* \hoffset=0.0pt
* \voffset=0.0pt
* \mag=1000
* \@twocolumnfalse
* \@twosidefalse
* \@mparswitchfalse
* \@reversemarginfalse
* (1in=72.27pt=25.4mm, 1cm=28.453pt)

--- file interlocking.css ---
[1

] [2]
LaTeX Font Info:    Try loading font information for T1+cmss on input line 18.
(/usr/share/texlive/texmf-dist/tex/latex/base/t1cmss.fd
File: t1cmss.fd 2014/09/29 v2.5h Standard LaTeX font definitions
)
LaTeX Font Info:    External font `cmex10' loaded for size
(Font)              <14.4> on input line 18.
LaTeX Font Info:    External font `cmex10' loaded for size
(Font)              <7> on input line 18.
LaTeX Font Info:    Try loading font information for T1+cmtt on input line 18.
(/usr/share/texlive/texmf-dist/tex/latex/base/t1cmtt.fd
File: t1cmtt.fd 2014/09/29 v2.5h Standard LaTeX font definitions
)

LaTeX Warning: No \author given.

LaTeX Font Info:    External font `cmex10' loaded for size
(Font)              <5> on input line 61.
[3

]
l.88 --- TeX4ht warning --- File `"0_home_moritz_Home_Projekte_Minetest_minetes
t_m___s_assets_lyx_img_screenshot_20180830_142551.xbb"' not found ---
l.88 --- TeX4ht warning --- Cannot determine size of graphic in "0_home_moritz_
Home_Projekte_Minetest_minetest_m___s_assets_lyx_img_screenshot_20180830_142551
.xbb" (no BoundingBox) ---
l. 88 --- needs --- 0_home_moritz_Home_Projekte_Minetest_minetest_m___s_assets_
lyx_img_screenshot_20180830_142551.png ---
l.93 --- TeX4ht warning --- File `"1_home_moritz_Home_Projekte_Minetest_minetes
t_m____lyx_img_Bildschirmfoto_2018-08-30_14-26-35.xbb"' not found ---
l.93 --- TeX4ht warning --- Cannot determine size of graphic in "1_home_moritz_
Home_Projekte_Minetest_minetest_m____lyx_img_Bildschirmfoto_2018-08-30_14-26-35
.xbb" (no BoundingBox) ---
l. 93 --- needs --- 1_home_moritz_Home_Projekte_Minetest_minetest_m____lyx_img_
Bildschirmfoto_2018-08-30_14-26-35.png ---
l.104 --- TeX4ht warning --- File `"2_home_moritz_Home_Projekte_Minetest_minete
st_m____lyx_img_Bildschirmfoto_2018-08-30_14-32-48.xbb"' not found ---
l.104 --- TeX4ht warning --- Cannot determine size of graphic in "2_home_moritz
_Home_Projekte_Minetest_minetest_m____lyx_img_Bildschirmfoto_2018-08-30_14-32-4
8.xbb" (no BoundingBox) ---
l. 104 --- needs --- 2_home_moritz_Home_Projekte_Minetest_minetest_m____lyx_img
_Bildschirmfoto_2018-08-30_14-32-48.png ---
l.117 --- TeX4ht warning --- File `"3_home_moritz_Home_Projekte_Minetest_minete
st_m____lyx_img_Bildschirmfoto_2018-08-30_14-27-25.xbb"' not found ---
l.117 --- TeX4ht warning --- Cannot determine size of graphic in "3_home_moritz
_Home_Projekte_Minetest_minetest_m____lyx_img_Bildschirmfoto_2018-08-30_14-27-2
5.xbb" (no BoundingBox) ---
l. 117 --- needs --- 3_home_moritz_Home_Projekte_Minetest_minetest_m____lyx_img
_Bildschirmfoto_2018-08-30_14-27-25.png ---
l.121 --- TeX4ht warning --- File `"4_home_moritz_Home_Projekte_Minetest_minete
st_m____lyx_img_Bildschirmfoto_2018-08-30_14-28-32.xbb"' not found ---
l.121 --- TeX4ht warning --- Cannot determine size of graphic in "4_home_moritz
_Home_Projekte_Minetest_minetest_m____lyx_img_Bildschirmfoto_2018-08-30_14-28-3
2.xbb" (no BoundingBox) ---
l. 121 --- needs --- 4_home_moritz_Home_Projekte_Minetest_minetest_m____lyx_img
_Bildschirmfoto_2018-08-30_14-28-32.png ---
[4]
l.173 --- TeX4ht warning --- File `"5_home_moritz_Home_Projekte_Minetest_minete
st_m____lyx_img_Bildschirmfoto_2018-08-30_14-51-25.xbb"' not found ---
l.173 --- TeX4ht warning --- Cannot determine size of graphic in "5_home_moritz
_Home_Projekte_Minetest_minetest_m____lyx_img_Bildschirmfoto_2018-08-30_14-51-2
5.xbb" (no BoundingBox) ---
l. 173 --- needs --- 5_home_moritz_Home_Projekte_Minetest_minetest_m____lyx_img
_Bildschirmfoto_2018-08-30_14-51-25.png ---
[5] [6] [7]
l.344 --- TeX4ht warning --- File `"6_home_moritz_Home_Projekte_Minetest_minete
st_mods_advtrains_assets_lyx_img_route_ex1.xbb"' not found ---
l.344 --- TeX4ht warning --- Cannot determine size of graphic in "6_home_moritz
_Home_Projekte_Minetest_minetest_mods_advtrains_assets_lyx_img_route_ex1.xbb" (
no BoundingBox) ---
l. 344 --- needs --- 6_home_moritz_Home_Projekte_Minetest_minetest_mods_advtrai
ns_assets_lyx_img_route_ex1.png ---
[8]
l.370 --- TeX4ht warning --- File `"7_home_moritz_Home_Projekte_Minetest_minete
st_mods_advtrains_assets_lyx_img_route_ex2.xbb"' not found ---
l.370 --- TeX4ht warning --- Cannot determine size of graphic in "7_home_moritz
_Home_Projekte_Minetest_minetest_mods_advtrains_assets_lyx_img_route_ex2.xbb" (
no BoundingBox) ---
l. 370 --- needs --- 7_home_moritz_Home_Projekte_Minetest_minetest_mods_advtrai
ns_assets_lyx_img_route_ex2.png ---
l.401 --- TeX4ht warning --- File `"8_home_moritz_Home_Projekte_Minetest_minete
st_mods_advtrains_assets_lyx_img_assign_signal.xbb"' not found ---
l.401 --- TeX4ht warning --- Cannot determine size of graphic in "8_home_moritz
_Home_Projekte_Minetest_minetest_mods_advtrains_assets_lyx_img_assign_signal.xb
b" (no BoundingBox) ---
l. 401 --- needs --- 8_home_moritz_Home_Projekte_Minetest_minetest_mods_advtrai
ns_assets_lyx_img_assign_signal.png ---
l.432 --- TeX4ht warning --- File `"9_home_moritz_Home_Projekte_Minetest_minete
st_mods_advtrains_assets_lyx_img_route_ex3.xbb"' not found ---
l.432 --- TeX4ht warning --- Cannot determine size of graphic in "9_home_moritz
_Home_Projekte_Minetest_minetest_mods_advtrains_assets_lyx_img_route_ex3.xbb" (
no BoundingBox) ---
l. 432 --- needs --- 9_home_moritz_Home_Projekte_Minetest_minetest_mods_advtrai
ns_assets_lyx_img_route_ex3.png ---
[9] [10]
l.529 --- TeX4ht warning --- File `"10_home_moritz_Home_Projekte_Minetest_minet
est_____lyx_img_Bildschirmfoto_2019-01-15_19-28-09.xbb"' not found ---
l.529 --- TeX4ht warning --- Cannot determine size of graphic in "10_home_morit
z_Home_Projekte_Minetest_minetest_____lyx_img_Bildschirmfoto_2019-01-15_19-28-0
9.xbb" (no BoundingBox) ---
l. 529 --- needs --- 10_home_moritz_Home_Projekte_Minetest_minetest_____lyx_img
_Bildschirmfoto_2019-01-15_19-28-09.png ---
[11] [12]
l.661 --- TeX4ht warning --- File `"11_home_moritz_Home_Projekte_Minetest_minet
est_mods_advtrains_assets_lyx_img_arslin_ex1.xbb"' not found ---
l.661 --- TeX4ht warning --- Cannot determine size of graphic in "11_home_morit
z_Home_Projekte_Minetest_minetest_mods_advtrains_assets_lyx_img_arslin_ex1.xbb"
 (no BoundingBox) ---
l. 661 --- needs --- 11_home_moritz_Home_Projekte_Minetest_minetest_mods_advtra
ins_assets_lyx_img_arslin_ex1.png ---
l.667 --- TeX4ht warning --- File `"12_home_moritz_Home_Projekte_Minetest_minet
est_mods_advtrains_assets_lyx_img_arslin_ex2.xbb"' not found ---
l.667 --- TeX4ht warning --- Cannot determine size of graphic in "12_home_morit
z_Home_Projekte_Minetest_minetest_mods_advtrains_assets_lyx_img_arslin_ex2.xbb"
 (no BoundingBox) ---
l. 667 --- needs --- 12_home_moritz_Home_Projekte_Minetest_minetest_mods_advtra
ins_assets_lyx_img_arslin_ex2.png ---
l.685 --- TeX4ht warning --- File `"13_home_moritz_Home_Projekte_Minetest_minet
est_mods_advtrains_assets_lyx_img_ars_ex1.xbb"' not found ---
l.685 --- TeX4ht warning --- Cannot determine size of graphic in "13_home_morit
z_Home_Projekte_Minetest_minetest_mods_advtrains_assets_lyx_img_ars_ex1.xbb" (n
o BoundingBox) ---
l. 685 --- needs --- 13_home_moritz_Home_Projekte_Minetest_minetest_mods_advtra
ins_assets_lyx_img_ars_ex1.png ---
[13] [14] (./interlocking.aux) ) 
Here is how much of TeX's memory you used:
 5182 strings out of 494848
 65027 string characters out of 6179105
 253348 words of memory out of 5000000
 8396 multiletter control sequences out of 15000+600000
 14893 words of font info for 31 fonts, out of 8000000 for 9000
 59 hyphenation exceptions out of 8191
 28i,6n,29p,763b,465s stack positions out of 5000i,500n,10000p,200000b,80000s

Output written on interlocking.dvi (14 pages, 65604 bytes).
